# JRE version: OpenJDK Runtime Environment Corretto-23.0.2.7.1 (23.0.2+7) (build 23.0.2+7-FR)
# Java VM: OpenJDK 64-Bit Server VM Corretto-23.0.2.7.1 (23.0.2+7-FR, mixed mode, sharing, tiered, compressed oops, compressed class ptrs, g1 gc, windows-amd64)
GC Precious Log:
 CardTable entry size: 512
 Card Set container configuration: InlinePtr #cards 5 size 8 Array Of Cards #cards 10 size 36 Howl #buckets 4 coarsen threshold 1843 Howl Bitmap #cards 512 size 80 coarsen threshold 460 Card regions per heap region 1 cards per card region 2048
 CPUs: 8 total, 8 available
 Memory: 7455M
 Large Page Support: Disabled
 NUMA Support: Disabled
 Compressed Oops: Enabled (32-bit)
 Heap Region Size: 1M
 Heap Min Capacity: 8M
 Heap Initial Capacity: 118M
 Heap Max Capacity: 1864M
 Pre-touch: Disabled
 Parallel Workers: 8
 Concurrent Workers: 2
 Concurrent Refinement Workers: 8
 Periodic GC: Disabled
Heap:
 garbage-first heap   total reserved 1908736K, committed 75776K, used 54062K [0x000000008b800000, 0x0000000100000000)
  region size 1024K, 13 young (13312K), 2 survivors (2048K)
 Metaspace       used 94467K, committed 95168K, reserved 1179648K
  class space    used 12877K, committed 13184K, reserved 1048576K
GC Heap History (20 events):
Event: 18.465 GC heap before
{Heap before GC invocations=12 (full 0):
 garbage-first heap   total reserved 1908736K, committed 58368K, used 45980K [0x000000008b800000, 0x0000000100000000)
  region size 1024K, 23 young (23552K), 4 survivors (4096K)
 Metaspace       used 59745K, committed 60288K, reserved 1114112K
  class space    used 8043K, committed 8320K, reserved 1048576K
}
Event: 18.469 GC heap after
{Heap after GC invocations=13 (full 0):
 garbage-first heap   total reserved 1908736K, committed 58368K, used 30262K [0x000000008b800000, 0x0000000100000000)
  region size 1024K, 2 young (2048K), 2 survivors (2048K)
 Metaspace       used 59745K, committed 60288K, reserved 1114112K
  class space    used 8043K, committed 8320K, reserved 1048576K
}
Event: 20.186 GC heap before
{Heap before GC invocations=14 (full 0):
 garbage-first heap   total reserved 1908736K, committed 58368K, used 50742K [0x000000008b800000, 0x0000000100000000)
  region size 1024K, 23 young (23552K), 2 survivors (2048K)
 Metaspace       used 64335K, committed 64960K, reserved 1114112K
  class space    used 8666K, committed 8896K, reserved 1048576K
}
Event: 20.189 GC heap after
{Heap after GC invocations=15 (full 0):
 garbage-first heap   total reserved 1908736K, committed 58368K, used 31922K [0x000000008b800000, 0x0000000100000000)
  region size 1024K, 2 young (2048K), 2 survivors (2048K)
 Metaspace       used 64335K, committed 64960K, reserved 1114112K
  class space    used 8666K, committed 8896K, reserved 1048576K
}
Event: 21.601 GC heap before
{Heap before GC invocations=15 (full 0):
 garbage-first heap   total reserved 1908736K, committed 58368K, used 51378K [0x000000008b800000, 0x0000000100000000)
  region size 1024K, 21 young (21504K), 2 survivors (2048K)
 Metaspace       used 70425K, committed 70976K, reserved 1114112K
  class space    used 9575K, committed 9792K, reserved 1048576K
}
Event: 21.605 GC heap after
{Heap after GC invocations=16 (full 0):
 garbage-first heap   total reserved 1908736K, committed 58368K, used 32574K [0x000000008b800000, 0x0000000100000000)
  region size 1024K, 3 young (3072K), 3 survivors (3072K)
 Metaspace       used 70425K, committed 70976K, reserved 1114112K
  class space    used 9575K, committed 9792K, reserved 1048576K
}
Event: 22.542 GC heap before
{Heap before GC invocations=16 (full 0):
 garbage-first heap   total reserved 1908736K, committed 58368K, used 49982K [0x000000008b800000, 0x0000000100000000)
  region size 1024K, 20 young (20480K), 3 survivors (3072K)
 Metaspace       used 73504K, committed 74112K, reserved 1114112K
  class space    used 10088K, committed 10368K, reserved 1048576K
}
Event: 22.546 GC heap after
{Heap after GC invocations=17 (full 0):
 garbage-first heap   total reserved 1908736K, committed 58368K, used 33283K [0x000000008b800000, 0x0000000100000000)
  region size 1024K, 2 young (2048K), 2 survivors (2048K)
 Metaspace       used 73504K, committed 74112K, reserved 1114112K
  class space    used 10088K, committed 10368K, reserved 1048576K
}
Event: 25.646 GC heap before
{Heap before GC invocations=18 (full 0):
 garbage-first heap   total reserved 1908736K, committed 58368K, used 50691K [0x000000008b800000, 0x0000000100000000)
  region size 1024K, 20 young (20480K), 2 survivors (2048K)
 Metaspace       used 78525K, committed 79168K, reserved 1179648K
  class space    used 10817K, committed 11072K, reserved 1048576K
}
Event: 25.649 GC heap after
{Heap after GC invocations=19 (full 0):
 garbage-first heap   total reserved 1908736K, committed 58368K, used 34456K [0x000000008b800000, 0x0000000100000000)
  region size 1024K, 3 young (3072K), 3 survivors (3072K)
 Metaspace       used 78525K, committed 79168K, reserved 1179648K
  class space    used 10817K, committed 11072K, reserved 1048576K
}
Event: 29.149 GC heap before
{Heap before GC invocations=19 (full 0):
 garbage-first heap   total reserved 1908736K, committed 58368K, used 49816K [0x000000008b800000, 0x0000000100000000)
  region size 1024K, 19 young (19456K), 3 survivors (3072K)
 Metaspace       used 82297K, committed 83008K, reserved 1179648K
  class space    used 11327K, committed 11648K, reserved 1048576K
}
Event: 29.157 GC heap after
{Heap after GC invocations=20 (full 0):
 garbage-first heap   total reserved 1908736K, committed 58368K, used 35459K [0x000000008b800000, 0x0000000100000000)
  region size 1024K, 3 young (3072K), 3 survivors (3072K)
 Metaspace       used 82297K, committed 83008K, reserved 1179648K
  class space    used 11327K, committed 11648K, reserved 1048576K
}
Event: 31.659 GC heap before
{Heap before GC invocations=20 (full 0):
 garbage-first heap   total reserved 1908736K, committed 58368K, used 49795K [0x000000008b800000, 0x0000000100000000)
  region size 1024K, 18 young (18432K), 3 survivors (3072K)
 Metaspace       used 85229K, committed 85888K, reserved 1179648K
  class space    used 11715K, committed 12032K, reserved 1048576K
}
Event: 31.664 GC heap after
{Heap after GC invocations=21 (full 0):
 garbage-first heap   total reserved 1908736K, committed 58368K, used 37369K [0x000000008b800000, 0x0000000100000000)
  region size 1024K, 3 young (3072K), 3 survivors (3072K)
 Metaspace       used 85229K, committed 85888K, reserved 1179648K
  class space    used 11715K, committed 12032K, reserved 1048576K
}
Event: 32.587 GC heap before
{Heap before GC invocations=22 (full 0):
 garbage-first heap   total reserved 1908736K, committed 63488K, used 49657K [0x000000008b800000, 0x0000000100000000)
  region size 1024K, 16 young (16384K), 3 survivors (3072K)
 Metaspace       used 87206K, committed 87936K, reserved 1179648K
  class space    used 11980K, committed 12288K, reserved 1048576K
}
Event: 32.592 GC heap after
{Heap after GC invocations=23 (full 0):
 garbage-first heap   total reserved 1908736K, committed 63488K, used 38825K [0x000000008b800000, 0x0000000100000000)
  region size 1024K, 2 young (2048K), 2 survivors (2048K)
 Metaspace       used 87206K, committed 87936K, reserved 1179648K
  class space    used 11980K, committed 12288K, reserved 1048576K
}
Event: 33.461 GC heap before
{Heap before GC invocations=23 (full 0):
 garbage-first heap   total reserved 1908736K, committed 63488K, used 55209K [0x000000008b800000, 0x0000000100000000)
  region size 1024K, 19 young (19456K), 2 survivors (2048K)
 Metaspace       used 89722K, committed 90432K, reserved 1179648K
  class space    used 12291K, committed 12608K, reserved 1048576K
}
Event: 33.465 GC heap after
{Heap after GC invocations=24 (full 0):
 garbage-first heap   total reserved 1908736K, committed 63488K, used 42531K [0x000000008b800000, 0x0000000100000000)
  region size 1024K, 3 young (3072K), 3 survivors (3072K)
 Metaspace       used 89722K, committed 90432K, reserved 1179648K
  class space    used 12291K, committed 12608K, reserved 1048576K
}
Event: 34.496 GC heap before
{Heap before GC invocations=24 (full 0):
 garbage-first heap   total reserved 1908736K, committed 63488K, used 54819K [0x000000008b800000, 0x0000000100000000)
  region size 1024K, 16 young (16384K), 3 survivors (3072K)
 Metaspace       used 92231K, committed 92928K, reserved 1179648K
  class space    used 12557K, committed 12864K, reserved 1048576K
}
Event: 34.501 GC heap after
{Heap after GC invocations=25 (full 0):
 garbage-first heap   total reserved 1908736K, committed 63488K, used 43822K [0x000000008b800000, 0x0000000100000000)
  region size 1024K, 2 young (2048K), 2 survivors (2048K)
 Metaspace       used 92231K, committed 92928K, reserved 1179648K
  class space    used 12557K, committed 12864K, reserved 1048576K
}

